[20:26:51] Demarrage du chargement...
[20:26:51] Execution de ddl.sql
[20:26:52] Execution de dml.sql
[20:26:54] Execution de dcl.sql
[20:26:55] Execution de dql.sql
[20:26:55] Termine en 4.51 secondes!
[02:17:43] Demarrage du chargement...
[02:17:43] ERREUR : conteneur 'postgres-cargorent' non actif!
[03:16:50] Demarrage du chargement...
[03:16:50] ERREUR : conteneur 'postgres-cargorent' non actif!
[03:27:09] Demarrage du chargement...
[03:27:09] ERREUR : conteneur 'postgres-cargorent' non actif!
[03:43:19] Demarrage du chargement...
[03:43:20] ERREUR : conteneur 'postgres-cargorent' non actif!
[03:54:55] Demarrage du chargement...
[03:54:55] ERREUR : conteneur 'postgres-cargorent' non actif!
[06:16:52] Demarrage du chargement...
[06:16:52] ERREUR : conteneur 'postgres-cargorent' non actif!
[06:37:47] Demarrage du chargement...
[06:37:47] ERREUR : conteneur 'postgres-cargorent' non actif!
[06:45:18] Demarrage du chargement...
[06:45:19] ERREUR : conteneur 'postgres-cargorent' non actif!
[18:05:19] Demarrage du chargement...
[18:05:19] ERREUR : conteneur 'postgres-cargorent' non actif!
[18:20:30] Demarrage du chargement...
[18:20:31] ERREUR : conteneur 'postgres-cargorent' non actif!
[18:26:48] Demarrage du chargement...
[18:26:48] ERREUR : conteneur 'postgres-cargorent' non actif!
[18:40:52] Demarrage du chargement...
[18:40:52] ERREUR : conteneur 'postgres-cargorent' non actif!
[00:35:54] Demarrage du chargement...
[00:35:54] ERREUR : conteneur 'postgres-cargorent' non actif!
[00:41:29] Demarrage du chargement...
[00:41:29] ERREUR : conteneur 'postgres-cargorent' non actif!
